2025-09-20T17:56:54Z | fetching sheet…
2025-09-20T17:56:56Z | extracting URLs…
2025-09-20T17:56:59Z | new URLs: 0
2025-09-20T17:56:59Z | no new URLs
2025-09-20T17:56:59Z | running OCR…
2025-09-20T17:59:51Z | fetching sheet…
2025-09-20T17:59:52Z | extracting URLs…
2025-09-20T17:59:56Z | new URLs: 0
2025-09-20T17:59:56Z | no new URLs
2025-09-20T17:59:56Z | running OCR…
2025-09-20T18:00:45Z | merging…
2025-09-20T18:00:46Z | pushed changes.
2025-09-20T18:00:46Z | done.
2025-09-20T18:03:52Z | merging…
2025-09-20T18:03:54Z | pushed changes.
2025-09-20T18:03:54Z | done.
2025-09-20T18:04:23Z | fetching sheet…
2025-09-20T18:04:27Z | extracting URLs…
2025-09-20T18:04:30Z | new URLs: 1
2025-09-20T18:04:30Z | downloading images…
2025-09-20T18:04:30Z | running OCR…
2025-09-20T18:08:18Z | merging…
2025-09-20T18:08:20Z | pushed changes.
2025-09-20T18:08:20Z | done.
